<?xml version="1.0" encoding="utf-8"?><testsuites><testsuite name="pytest" errors="0" failures="0" skipped="0" tests="4" time="3.714" timestamp="2025-01-11T16:14:28.855554" hostname="felipe-Lenovo-YOGA-720-13IKB"><testcase classname="tests.model.test_model.TestModel" name="test_model_fit" time="0.753" /><testcase classname="tests.model.test_model.TestModel" name="test_model_predict" time="0.758" /><testcase classname="tests.model.test_model.TestModel" name="test_model_preprocess_for_serving" time="0.429" /><testcase classname="tests.model.test_model.TestModel" name="test_model_preprocess_for_training" time="0.434" /></testsuite></testsuites>