<?xml version="1.0" encoding="utf-8"?><testsuites><testsuite name="pytest" errors="0" failures="0" skipped="0" tests="4" time="4.669" timestamp="2025-01-11T17:50:43.417027" hostname="felipe-Lenovo-YOGA-720-13IKB"><testcase classname="tests.model.test_model.TestModel" name="test_model_fit" time="0.966" /><testcase classname="tests.model.test_model.TestModel" name="test_model_predict" time="0.935" /><testcase classname="tests.model.test_model.TestModel" name="test_model_preprocess_for_serving" time="0.545" /><testcase classname="tests.model.test_model.TestModel" name="test_model_preprocess_for_training" time="0.552" /></testsuite></testsuites>